app/build/outputs/logs/manifest-merger-release-report.txt
-- Merging decision tree log ---
manifest
ADDED from src/main/AndroidManifest.xml:2:1-79:12
	xmlns:android
		ADDED from src/main/AndroidManifest.xml:2:11-69
	package
		ADDED from src/main/AndroidManifest.xml:3:5-34
		INJECTED from src/main/AndroidManifest.xml
		INJECTED from src/main/AndroidManifest.xml
	android:versionName
		INJECTED from src/main/AndroidManifest.xml
		INJECTED from src/main/AndroidManifest.xml
	android:versionCode
		INJECTED from src/main/AndroidManifest.xml
		INJECTED from src/main/AndroidManifest.xml
uses-permission#android.permission.INTERNET
ADDED from src/main/AndroidManifest.xml:5:5-67
MERGED from [com.twitter.sdk.android:tweet-ui:1.3.1] AndroidManifest.xml:25:5-67
MERGED from [com.twitter.sdk.android:twitter-core:1.4.1] AndroidManifest.xml:25:5-67
MERGED from [com.twitter.sdk.android:twitter-core:1.4.1] AndroidManifest.xml:25:5-67
MERGED from [com.digits.sdk.android:digits:1.6.2] AndroidManifest.xml:25:5-67
MERGED from [com.twitter.sdk.android:twitter-core:1.4.1] AndroidManifest.xml:25:5-67
MERGED from [com.twitter.sdk.android:tweet-composer:0.8.0] AndroidManifest.xml:25:5-67
	android:name
		ADDED from src/main/AndroidManifest.xml:5:22-64
uses-permission#android.permission.ACCESS_NETWORK_STATE
ADDED from src/main/AndroidManifest.xml:6:5-79
	android:name
		ADDED from src/main/AndroidManifest.xml:6:22-76
application
ADDED from src/main/AndroidManifest.xml:10:5-77:19
MERGED from [com.twitter.sdk.android:twitter:1.6.1] AndroidManifest.xml:25:5-20
MERGED from [com.twitter.sdk.android:tweet-ui:1.3.1] AndroidManifest.xml:27:5-20
MERGED from [io.fabric.sdk.android:fabric:1.3.4] AndroidManifest.xml:25:5-20
MERGED from [com.twitter.sdk.android:twitter-core:1.4.1] AndroidManifest.xml:27:5-40:19
MERGED from [io.fabric.sdk.android:fabric:1.3.4] AndroidManifest.xml:25:5-20
MERGED from [com.android.support:support-v4:22.2.0] AndroidManifest.xml:22:5-20
MERGED from [io.fabric.sdk.android:fabric:1.3.4] AndroidManifest.xml:25:5-20
MERGED from [com.twitter.sdk.android:twitter-core:1.4.1] AndroidManifest.xml:27:5-40:19
MERGED from [io.fabric.sdk.android:fabric:1.3.4] AndroidManifest.xml:25:5-20
MERGED from [com.digits.sdk.android:digits:1.6.2] AndroidManifest.xml:27:5-99:19
MERGED from [io.fabric.sdk.android:fabric:1.3.4] AndroidManifest.xml:25:5-20
MERGED from [com.twitter.sdk.android:twitter-core:1.4.1] AndroidManifest.xml:27:5-40:19
MERGED from [io.fabric.sdk.android:fabric:1.3.4] AndroidManifest.xml:25:5-20
MERGED from [com.twitter.sdk.android:tweet-composer:0.8.0] AndroidManifest.xml:27:5-20
MERGED from [io.fabric.sdk.android:fabric:1.3.4] AndroidManifest.xml:25:5-20
MERGED from [com.android.support:appcompat-v7:22.2.0] AndroidManifest.xml:22:5-20
MERGED from [com.android.support:support-v4:22.2.0] AndroidManifest.xml:22:5-20
	android:label
		ADDED from src/main/AndroidManifest.xml:14:9-41
	android:allowBackup
		ADDED from src/main/AndroidManifest.xml:12:9-35
	android:icon
		ADDED from src/main/AndroidManifest.xml:13:9-43
	android:theme
		ADDED from src/main/AndroidManifest.xml:15:9-40
	android:name
		ADDED from src/main/AndroidManifest.xml:11:9-44
activity#in.headrun.buzzinga.activities.SplashActivity
ADDED from src/main/AndroidManifest.xml:18:9-28:20
	android:screenOrientation
		ADDED from src/main/AndroidManifest.xml:21:13-49
	android:label
		ADDED from src/main/AndroidManifest.xml:20:13-45
	android:name
		ADDED from src/main/AndroidManifest.xml:19:13-54
intent-filter#android.intent.action.MAIN+android.intent.category.LAUNCHER
ADDED from src/main/AndroidManifest.xml:23:13-27:29
action#android.intent.action.MAIN
ADDED from src/main/AndroidManifest.xml:24:17-69
	android:name
		ADDED from src/main/AndroidManifest.xml:24:25-66
category#android.intent.category.LAUNCHER
ADDED from src/main/AndroidManifest.xml:26:17-77
	android:name
		ADDED from src/main/AndroidManifest.xml:26:27-74
activity#in.headrun.buzzinga.activities.HomeScreen
ADDED from src/main/AndroidManifest.xml:29:9-44:20
	android:windowSoftInputMode
		ADDED from src/main/AndroidManifest.xml:33:13-54
	android:screenOrientation
		ADDED from src/main/AndroidManifest.xml:32:13-49
	android:name
		ADDED from src/main/AndroidManifest.xml:30:13-50
	android:launchMode
		ADDED from src/main/AndroidManifest.xml:31:13-43
intent-filter#android.intent.action.SEARCH
ADDED from src/main/AndroidManifest.xml:34:13-36:29
action#android.intent.action.SEARCH
ADDED from src/main/AndroidManifest.xml:35:17-71
	android:name
		ADDED from src/main/AndroidManifest.xml:35:25-68
meta-data#android.app.searchable
ADDED from src/main/AndroidManifest.xml:37:13-39:54
	android:resource
		ADDED from src/main/AndroidManifest.xml:39:17-51
	android:name
		ADDED from src/main/AndroidManifest.xml:38:17-54
meta-data#android.support.PARENT_ACTIVITY
ADDED from src/main/AndroidManifest.xml:40:13-42:60
	android:name
		ADDED from src/main/AndroidManifest.xml:41:17-63
	android:value
		ADDED from src/main/AndroidManifest.xml:42:17-57
activity#in.headrun.buzzinga.activities.TwitterLogin
ADDED from src/main/AndroidManifest.xml:46:9-48:52
	android:screenOrientation
		ADDED from src/main/AndroidManifest.xml:48:13-49
	android:name
		ADDED from src/main/AndroidManifest.xml:47:13-52
meta-data#io.fabric.ApiKey
ADDED from src/main/AndroidManifest.xml:50:9-52:72
	android:name
		ADDED from src/main/AndroidManifest.xml:51:13-44
	android:value
		ADDED from src/main/AndroidManifest.xml:52:13-69
activity#in.headrun.buzzinga.activities.Filtering
ADDED from src/main/AndroidManifest.xml:54:9-58:20
	android:name
		ADDED from src/main/AndroidManifest.xml:54:19-55
activity#in.headrun.buzzinga.activities.TrackKeyWord
ADDED from src/main/AndroidManifest.xml:60:9-64:57
	android:windowSoftInputMode
		ADDED from src/main/AndroidManifest.xml:64:13-54
	android:screenOrientation
		ADDED from src/main/AndroidManifest.xml:63:13-49
	android:name
		ADDED from src/main/AndroidManifest.xml:61:13-52
	android:launchMode
		ADDED from src/main/AndroidManifest.xml:62:13-43
service#in.headrun.buzzinga.BuzzNotification
ADDED from src/main/AndroidManifest.xml:66:9-53
	android:name
		ADDED from src/main/AndroidManifest.xml:66:18-50
receiver#in.headrun.buzzinga.BootUpReceiver
ADDED from src/main/AndroidManifest.xml:67:9-76:20
	android:enabled
		ADDED from src/main/AndroidManifest.xml:69:13-35
	android:permission
		ADDED from src/main/AndroidManifest.xml:70:13-75
	android:name
		ADDED from src/main/AndroidManifest.xml:68:13-43
intent-filter#android.intent.action.BOOT_COMPLETED+android.intent.category.DEFAULT
ADDED from src/main/AndroidManifest.xml:72:13-75:29
action#android.intent.action.BOOT_COMPLETED
ADDED from src/main/AndroidManifest.xml:73:17-79
	android:name
		ADDED from src/main/AndroidManifest.xml:73:25-76
category#android.intent.category.DEFAULT
ADDED from src/main/AndroidManifest.xml:74:17-76
	android:name
		ADDED from src/main/AndroidManifest.xml:74:27-73
uses-sdk
INJECTED from src/main/AndroidManifest.xml reason: use-sdk injection requested
MERGED from [com.android.support:multidex:1.0.1] AndroidManifest.xml:18:5-42
MERGED from [com.twitter.sdk.android:twitter:1.6.1] AndroidManifest.xml:23:5-43
MERGED from [com.twitter.sdk.android:tweet-ui:1.3.1] AndroidManifest.xml:23:5-43
MERGED from [io.fabric.sdk.android:fabric:1.3.4] AndroidManifest.xml:23:5-43
MERGED from [com.twitter.sdk.android:twitter-core:1.4.1] AndroidManifest.xml:23:5-43
MERGED from [io.fabric.sdk.android:fabric:1.3.4] AndroidManifest.xml:23:5-43
MERGED from [com.android.support:support-v4:22.2.0] AndroidManifest.xml:20:5-43
MERGED from [io.fabric.sdk.android:fabric:1.3.4] AndroidManifest.xml:23:5-43
MERGED from [com.twitter.sdk.android:twitter-core:1.4.1] AndroidManifest.xml:23:5-43
MERGED from [io.fabric.sdk.android:fabric:1.3.4] AndroidManifest.xml:23:5-43
MERGED from [com.digits.sdk.android:digits:1.6.2] AndroidManifest.xml:23:5-43
MERGED from [io.fabric.sdk.android:fabric:1.3.4] AndroidManifest.xml:23:5-43
MERGED from [com.twitter.sdk.android:twitter-core:1.4.1] AndroidManifest.xml:23:5-43
MERGED from [io.fabric.sdk.android:fabric:1.3.4] AndroidManifest.xml:23:5-43
MERGED from [com.twitter.sdk.android:tweet-composer:0.8.0] AndroidManifest.xml:23:5-43
MERGED from [io.fabric.sdk.android:fabric:1.3.4] AndroidManifest.xml:23:5-43
MERGED from [com.android.support:appcompat-v7:22.2.0] AndroidManifest.xml:20:5-43
MERGED from [com.android.support:support-v4:22.2.0] AndroidManifest.xml:20:5-43
	android:targetSdkVersion
		INJECTED from src/main/AndroidManifest.xml
		INJECTED from src/main/AndroidManifest.xml
	android:minSdkVersion
		INJECTED from src/main/AndroidManifest.xml
		INJECTED from src/main/AndroidManifest.xml
activity#com.twitter.sdk.android.core.identity.OAuthActivity
ADDED from [com.twitter.sdk.android:twitter-core:1.4.1] AndroidManifest.xml:28:9-32:40
MERGED from [com.twitter.sdk.android:twitter-core:1.4.1] AndroidManifest.xml:28:9-32:40
MERGED from [com.twitter.sdk.android:twitter-core:1.4.1] AndroidManifest.xml:28:9-32:40
	android:configChanges
		ADDED from [com.twitter.sdk.android:twitter-core:1.4.1] AndroidManifest.xml:30:13-59
	android:exported
		ADDED from [com.twitter.sdk.android:twitter-core:1.4.1] AndroidManifest.xml:32:13-37
	android:excludeFromRecents
		ADDED from [com.twitter.sdk.android:twitter-core:1.4.1] AndroidManifest.xml:31:13-46
	android:name
		ADDED from [com.twitter.sdk.android:twitter-core:1.4.1] AndroidManifest.xml:29:13-79
activity#com.twitter.sdk.android.core.identity.ShareEmailActivity
ADDED from [com.twitter.sdk.android:twitter-core:1.4.1] AndroidManifest.xml:33:9-39:48
MERGED from [com.twitter.sdk.android:twitter-core:1.4.1] AndroidManifest.xml:33:9-39:48
MERGED from [com.twitter.sdk.android:twitter-core:1.4.1] AndroidManifest.xml:33:9-39:48
	android:label
		ADDED from [com.twitter.sdk.android:twitter-core:1.4.1] AndroidManifest.xml:39:13-45
	android:icon
		ADDED from [com.twitter.sdk.android:twitter-core:1.4.1] AndroidManifest.xml:38:13-53
	android:configChanges
		ADDED from [com.twitter.sdk.android:twitter-core:1.4.1] AndroidManifest.xml:35:13-59
	android:exported
		ADDED from [com.twitter.sdk.android:twitter-core:1.4.1] AndroidManifest.xml:37:13-37
	android:excludeFromRecents
		ADDED from [com.twitter.sdk.android:twitter-core:1.4.1] AndroidManifest.xml:36:13-46
	android:name
		ADDED from [com.twitter.sdk.android:twitter-core:1.4.1] AndroidManifest.xml:34:13-84
activity#com.digits.sdk.android.PhoneNumberActivity
ADDED from [com.digits.sdk.android:digits:1.6.2] AndroidManifest.xml:28:9-33:58
	android:windowSoftInputMode
		ADDED from [com.digits.sdk.android:digits:1.6.2] AndroidManifest.xml:33:13-55
	android:configChanges
		ADDED from [com.digits.sdk.android:digits:1.6.2] AndroidManifest.xml:30:13-59
	android:exported
		ADDED from [com.digits.sdk.android:digits:1.6.2] AndroidManifest.xml:31:13-37
	android:taskAffinity
		ADDED from [com.digits.sdk.android:digits:1.6.2] AndroidManifest.xml:32:13-58
	android:name
		ADDED from [com.digits.sdk.android:digits:1.6.2] AndroidManifest.xml:29:13-70
activity#com.digits.sdk.android.ConfirmationCodeActivity
ADDED from [com.digits.sdk.android:digits:1.6.2] AndroidManifest.xml:34:9-39:58
	android:windowSoftInputMode
		ADDED from [com.digits.sdk.android:digits:1.6.2] AndroidManifest.xml:39:13-55
	android:configChanges
		ADDED from [com.digits.sdk.android:digits:1.6.2] AndroidManifest.xml:36:13-59
	android:exported
		ADDED from [com.digits.sdk.android:digits:1.6.2] AndroidManifest.xml:37:13-37
	android:taskAffinity
		ADDED from [com.digits.sdk.android:digits:1.6.2] AndroidManifest.xml:38:13-58
	android:name
		ADDED from [com.digits.sdk.android:digits:1.6.2] AndroidManifest.xml:35:13-75
activity#com.digits.sdk.android.LoginCodeActivity
ADDED from [com.digits.sdk.android:digits:1.6.2] AndroidManifest.xml:40:9-45:58
	android:windowSoftInputMode
		ADDED from [com.digits.sdk.android:digits:1.6.2] AndroidManifest.xml:45:13-55
	android:configChanges
		ADDED from [com.digits.sdk.android:digits:1.6.2] AndroidManifest.xml:42:13-59
	android:exported
		ADDED from [com.digits.sdk.android:digits:1.6.2] AndroidManifest.xml:43:13-37
	android:taskAffinity
		ADDED from [com.digits.sdk.android:digits:1.6.2] AndroidManifest.xml:44:13-58
	android:name
		ADDED from [com.digits.sdk.android:digits:1.6.2] AndroidManifest.xml:41:13-68
activity#com.digits.sdk.android.PinCodeActivity
ADDED from [com.digits.sdk.android:digits:1.6.2] AndroidManifest.xml:46:9-51:58
	android:windowSoftInputMode
		ADDED from [com.digits.sdk.android:digits:1.6.2] AndroidManifest.xml:51:13-55
	android:configChanges
		ADDED from [com.digits.sdk.android:digits:1.6.2] AndroidManifest.xml:48:13-59
	android:exported
		ADDED from [com.digits.sdk.android:digits:1.6.2] AndroidManifest.xml:49:13-37
	android:taskAffinity
		ADDED from [com.digits.sdk.android:digits:1.6.2] AndroidManifest.xml:50:13-58
	android:name
		ADDED from [com.digits.sdk.android:digits:1.6.2] AndroidManifest.xml:47:13-66
activity#com.digits.sdk.android.FailureActivity
ADDED from [com.digits.sdk.android:digits:1.6.2] AndroidManifest.xml:52:9-56:61
	android:configChanges
		ADDED from [com.digits.sdk.android:digits:1.6.2] AndroidManifest.xml:54:13-59
	android:exported
		ADDED from [com.digits.sdk.android:digits:1.6.2] AndroidManifest.xml:55:13-37
	android:taskAffinity
		ADDED from [com.digits.sdk.android:digits:1.6.2] AndroidManifest.xml:56:13-58
	android:name
		ADDED from [com.digits.sdk.android:digits:1.6.2] AndroidManifest.xml:53:13-66
activity#com.digits.sdk.android.ContactsActivity
ADDED from [com.digits.sdk.android:digits:1.6.2] AndroidManifest.xml:57:9-60:40
	android:configChanges
		ADDED from [com.digits.sdk.android:digits:1.6.2] AndroidManifest.xml:59:13-59
	android:exported
		ADDED from [com.digits.sdk.android:digits:1.6.2] AndroidManifest.xml:60:13-37
	android:name
		ADDED from [com.digits.sdk.android:digits:1.6.2] AndroidManifest.xml:58:13-67
activity#com.digits.sdk.android.PhoneNumberActionBarActivity
ADDED from [com.digits.sdk.android:digits:1.6.2] AndroidManifest.xml:61:9-66:58
	android:windowSoftInputMode
		ADDED from [com.digits.sdk.android:digits:1.6.2] AndroidManifest.xml:66:13-55
	android:configChanges
		ADDED from [com.digits.sdk.android:digits:1.6.2] AndroidManifest.xml:63:13-59
	android:exported
		ADDED from [com.digits.sdk.android:digits:1.6.2] AndroidManifest.xml:64:13-37
	android:taskAffinity
		ADDED from [com.digits.sdk.android:digits:1.6.2] AndroidManifest.xml:65:13-58
	android:name
		ADDED from [com.digits.sdk.android:digits:1.6.2] AndroidManifest.xml:62:13-79
activity#com.digits.sdk.android.ConfirmationCodeActionBarActivity
ADDED from [com.digits.sdk.android:digits:1.6.2] AndroidManifest.xml:67:9-72:58
	android:windowSoftInputMode
		ADDED from [com.digits.sdk.android:digits:1.6.2] AndroidManifest.xml:72:13-55
	android:configChanges
		ADDED from [com.digits.sdk.android:digits:1.6.2] AndroidManifest.xml:69:13-59
	android:exported
		ADDED from [com.digits.sdk.android:digits:1.6.2] AndroidManifest.xml:70:13-37
	android:taskAffinity
		ADDED from [com.digits.sdk.android:digits:1.6.2] AndroidManifest.xml:71:13-58
	android:name
		ADDED from [com.digits.sdk.android:digits:1.6.2] AndroidManifest.xml:68:13-84
activity#com.digits.sdk.android.LoginCodeActionBarActivity
ADDED from [com.digits.sdk.android:digits:1.6.2] AndroidManifest.xml:73:9-78:58
	android:windowSoftInputMode
		ADDED from [com.digits.sdk.android:digits:1.6.2] AndroidManifest.xml:78:13-55
	android:configChanges
		ADDED from [com.digits.sdk.android:digits:1.6.2] AndroidManifest.xml:75:13-59
	android:exported
		ADDED from [com.digits.sdk.android:digits:1.6.2] AndroidManifest.xml:76:13-37
	android:taskAffinity
		ADDED from [com.digits.sdk.android:digits:1.6.2] AndroidManifest.xml:77:13-58
	android:name
		ADDED from [com.digits.sdk.android:digits:1.6.2] AndroidManifest.xml:74:13-77
activity#com.digits.sdk.android.FailureActionBarActivity
ADDED from [com.digits.sdk.android:digits:1.6.2] AndroidManifest.xml:79:9-83:61
	android:configChanges
		ADDED from [com.digits.sdk.android:digits:1.6.2] AndroidManifest.xml:81:13-59
	android:exported
		ADDED from [com.digits.sdk.android:digits:1.6.2] AndroidManifest.xml:82:13-37
	android:taskAffinity
		ADDED from [com.digits.sdk.android:digits:1.6.2] AndroidManifest.xml:83:13-58
	android:name
		ADDED from [com.digits.sdk.android:digits:1.6.2] AndroidManifest.xml:80:13-75
activity#com.digits.sdk.android.ContactsActionBarActivity
ADDED from [com.digits.sdk.android:digits:1.6.2] AndroidManifest.xml:84:9-87:40
	android:configChanges
		ADDED from [com.digits.sdk.android:digits:1.6.2] AndroidManifest.xml:86:13-59
	android:exported
		ADDED from [com.digits.sdk.android:digits:1.6.2] AndroidManifest.xml:87:13-37
	android:name
		ADDED from [com.digits.sdk.android:digits:1.6.2] AndroidManifest.xml:85:13-76
activity#com.digits.sdk.android.PinCodeActionBarActivity
ADDED from [com.digits.sdk.android:digits:1.6.2] AndroidManifest.xml:88:9-93:58
	android:windowSoftInputMode
		ADDED from [com.digits.sdk.android:digits:1.6.2] AndroidManifest.xml:93:13-55
	android:configChanges
		ADDED from [com.digits.sdk.android:digits:1.6.2] AndroidManifest.xml:90:13-59
	android:exported
		ADDED from [com.digits.sdk.android:digits:1.6.2] AndroidManifest.xml:91:13-37
	android:taskAffinity
		ADDED from [com.digits.sdk.android:digits:1.6.2] AndroidManifest.xml:92:13-58
	android:name
		ADDED from [com.digits.sdk.android:digits:1.6.2] AndroidManifest.xml:89:13-75
service#com.digits.sdk.android.ContactsUploadService
ADDED from [com.digits.sdk.android:digits:1.6.2] AndroidManifest.xml:95:9-98:40
	android:exported
		ADDED from [com.digits.sdk.android:digits:1.6.2] AndroidManifest.xml:98:13-37
	android:enabled
		ADDED from [com.digits.sdk.android:digits:1.6.2] AndroidManifest.xml:97:13-35
	android:name
		ADDED from [com.digits.sdk.android:digits:1.6.2] AndroidManifest.xml:96:13-72